TN:
SF:/Users/aravinth/git/power-validator-javascript/src/AddressValidator.ts
FN:17,isEmailAddress
FNF:1
FNH:1
FNDA:15,isEmailAddress
DA:16,1
LF:1
LH:1
BRF:0
BRH:0
end_of_record
TN:
SF:/Users/aravinth/git/power-validator-javascript/src/ArrayValidator.ts
FNF:0
FNH:0
DA:8,26
DA:15,1
LF:2
LH:2
BRDA:7,0,0,13
BRDA:7,0,1,3
BRF:2
BRH:2
end_of_record
TN:
SF:/Users/aravinth/git/power-validator-javascript/src/NumberValidator.ts
FNF:0
FNH:0
DA:15,24
DA:22,1
DA:31,1
DA:36,3
DA:38,1
LF:5
LH:5
BRF:0
BRH:0
end_of_record
TN:
SF:/Users/aravinth/git/power-validator-javascript/src/StringValidator.ts
FNF:0
FNH:0
DA:11,1
DA:12,1
DA:23,44
DA:24,1
DA:48,4
DA:57,31
DA:59,16
LF:7
LH:7
BRDA:23,0,0,53
BRDA:23,0,1,51
BRDA:44,1,0,31
BRDA:44,1,1,21
BRDA:44,1,2,18
BRF:5
BRH:5
end_of_record
TN:
SF:/Users/aravinth/git/power-validator-javascript/test/NumberValidator.spec.ts
FN:58,(anonymous_18)
FN:76,(anonymous_22)
FN:92,(anonymous_26)
FNF:3
FNH:3
FNDA:1,(anonymous_18)
FNDA:1,(anonymous_22)
FNDA:1,(anonymous_26)
DA:59,1
DA:77,1
LF:2
LH:2
BRF:0
BRH:0
end_of_record
TN:
SF:/Users/aravinth/git/power-validator-javascript/test/StringValidator.spec.ts
FN:73,(anonymous_24)
FN:98,(anonymous_32)
FNF:2
FNH:2
FNDA:1,(anonymous_24)
FNDA:1,(anonymous_32)
DA:99,1
DA:130,1
LF:2
LH:2
BRF:0
BRH:0
end_of_record
